% No regularization
% Slowly reduces cost, but predictive accuracy seems pretty low
% predict(..., [1 2])  -> 13
% predict(..., [1 20]) -> 22

Initial weights
Theta1
-0.038563
0.037728
-0.045667
-0.005484
0.027300
-0.073805
-0.116484
-0.116491
-0.054681

Theta2
0.047300
0.032016
-0.075759
0.014588
-0.040813
-0.102292
0.061637
-0.109100
0.069709
0.004052
-0.094875
-0.091340
0.027059
-0.108473
-0.033983
-0.046666
0.115205
0.108159
0.047725
0.049612
0.003099
0.015304
0.043068
-0.069128
-0.098392
0.051514
0.069481
0.068114
0.083020
-0.111752
-0.091715
-0.049978
0.049541
-0.067958
-0.018519
0.113008
-0.014616
0.113118
0.067210
-0.115733
0.117900
0.002290
-0.083462
-0.093552
-0.053708
0.082305
-0.070008
0.013543
-0.083780
0.106424
0.085522
0.084078
0.010265
-0.082022
-0.042213
0.020466
-0.049637
-0.030762
-0.013530
0.079195
0.047280
-0.053707
-0.041979
0.011992
0.099864
0.118531
-0.094488
0.009072
0.066685
-0.021032
-0.019346
0.081543
0.010039
0.114736
-0.027314
0.006380
0.021931
0.022423
0.112526
0.088879
0.064859
0.087146
-0.020288
0.028919
0.108624
-0.080051
0.002962
0.110945
-0.110898
0.027144
-0.117104
0.119649
0.092872
0.088489
0.057056
-0.073686
0.028111
-0.078937
0.081740
0.113546
-0.075589
-0.021619
-0.013817
-0.047252
-0.064376
-0.000023
-0.119165
-0.099875
-0.031246
0.071053
0.088313
-0.045090
0.002583
-0.027019
-0.011882
-0.116091
0.065381
0.023425
0.013986
0.096388
-0.040705
0.010900
0.076996
-0.067948
-0.033421
0.086954
-0.109770
-0.112626
-0.031574
-0.039251
0.069284
-0.113575
-0.028733
-0.021845
0.062546
0.088006
-0.028639
-0.077351
-0.012705
-0.009110
-0.072314
0.070629
-0.029073
-0.116221
-0.111820
0.035995
-0.049458
-0.051563
0.099677
-0.098118
0.026649
0.058391
-0.091832
0.095245
-0.099005
0.089170
0.015113
0.118014
0.059323
0.025922
-0.072965
-0.066507
-0.063752
-0.031935
-0.038668
-0.095192
-0.095590
0.007446
-0.118202
0.015327
0.059614
-0.044113
0.109375
-0.071521
0.105063
-0.037598
0.050596
0.105910
0.004092
-0.054047
-0.013798
0.088539
0.118086
0.035191
0.042435
-0.088716
0.042767
-0.067517
-0.021173
0.114884
0.103708
0.029046
0.081351
0.099512
-0.012992
0.105331
0.057000
-0.041872
-0.062254
-0.026636
-0.103254
0.001316
0.069856
0.058337
-0.093157
0.023812
0.055187
0.081646
-0.106181
-0.057252
-0.011345
0.069701
0.082350
-0.096851
-0.087496
0.022663
-0.074536
0.095728
0.012632
-0.008682
0.005944
0.002587
0.012488
0.051918
-0.012633
0.090444
0.079509
0.110209
0.065575
-0.032388
-0.090481
-0.108950
0.031722
-0.090359
-0.088505
-0.048756
0.098058
-0.096787
-0.093171
-0.097424
0.082239
0.058552
0.037200
0.084825
-0.051203
0.092149
-0.087848
0.090447
-0.113811
-0.092699
-0.061534
0.028260
-0.028107
0.083739
0.064067
0.001874
0.073214
0.045066
0.068968
0.073760
-0.046441
0.015891
0.026002
0.105601
-0.019342
0.114758
-0.007236
-0.041201
-0.110144
-0.083251
-0.100921
-0.064056
0.057970
-0.014905
0.021186
0.059196
0.053366
-0.025483
-0.055218
0.017726
-0.105298
-0.101327
-0.028774
0.033231
-0.117124
-0.028768
-0.102246
0.023459
-0.011134
0.088722
-0.105172
-0.036805
-0.020888
0.010872
-0.005661
-0.041334
-0.112761
-0.097444
0.066149
0.038465
0.009122
0.096973
-0.013323
-0.003662
-0.018301
-0.092831
0.116262
-0.066420
-0.045187
0.094009
-0.005304
-0.045143
0.032915
0.096137
0.093884
-0.117667
0.014160
-0.103928
0.096091
-0.086566
0.099721
-0.096078
-0.094632
-0.028659
0.010995
0.068487
-0.004012
-0.030887
0.099586
-0.053482
-0.090765
-0.009033
-0.006106
-0.106826
0.037860
0.017464
-0.105904
0.107309
-0.003043
0.071487
-0.020229
0.061360
-0.027016
0.038776
0.030013
-0.015546
0.064583
-0.045021
-0.042642
-0.042574
0.038014
0.101646
-0.103368
-0.053929
0.094009
0.110869
0.016721
-0.104260
-0.032868
0.001089
0.012511
0.083053
-0.054103
-0.028515
-0.030516
0.027222
0.054277
-0.052897
0.109165
0.022160
0.097594
0.068007
0.012790
-0.066793
-0.080445
0.083208
-0.057612
-0.024963
-0.044260
-0.057166
-0.087055
-0.109062
0.078183
-0.016537
-0.014262
0.040066
-0.042972
-0.045866
0.022716
-0.090808
-0.033240
-0.082489
-0.038918
-0.106945
0.054434
-0.109781
-0.030476
0.001116
0.066326
-0.096258

Initial cost: 69.777804
Iteration     1 | Cost: 1.934418e+01
Iteration    50 | Cost: 5.193218e+00
Training complete. Final cost: 19.344183
Training complete. Final cost: 6.050092
Training complete. Final cost: 5.677999
Training complete. Final cost: 5.418630
Training complete. Final cost: 5.402906
Training complete. Final cost: 5.366215
Training complete. Final cost: 5.359457
Training complete. Final cost: 5.354098
Training complete. Final cost: 5.348195
Training complete. Final cost: 5.347005
Training complete. Final cost: 5.346369
Training complete. Final cost: 5.343192
Training complete. Final cost: 5.342350
Training complete. Final cost: 5.341264
Training complete. Final cost: 5.338989
Training complete. Final cost: 5.338724
Training complete. Final cost: 5.338642
Training complete. Final cost: 5.337366
Training complete. Final cost: 5.335359
Training complete. Final cost: 5.328599
Training complete. Final cost: 5.327563
Training complete. Final cost: 5.322379
Training complete. Final cost: 5.321657
Training complete. Final cost: 5.317775
Training complete. Final cost: 5.313129
Training complete. Final cost: 5.305125
Training complete. Final cost: 5.304973
Training complete. Final cost: 5.303358
Training complete. Final cost: 5.303122
Training complete. Final cost: 5.302646
Training complete. Final cost: 5.301411
Training complete. Final cost: 5.291927
Training complete. Final cost: 5.287704
Training complete. Final cost: 5.285697
Training complete. Final cost: 5.284609
Training complete. Final cost: 5.283599
Training complete. Final cost: 5.280233
Training complete. Final cost: 5.279182
Training complete. Final cost: 5.279182
Training complete. Final cost: 5.277909
Training complete. Final cost: 5.276391
Training complete. Final cost: 5.273834
Training complete. Final cost: 5.244770
Training complete. Final cost: 5.231110
Training complete. Final cost: 5.212374
Training complete. Final cost: 5.209238
Training complete. Final cost: 5.204673
Training complete. Final cost: 5.201620
Training complete. Final cost: 5.201265
Training complete. Final cost: 5.193218